Using pre-set license
Built from '2020.3/staging' branch; Version is '2020.3.11f1 (99c7afb366b3) revision 10078127'; Using compiler version '192528614'; Build Type 'Release'
OS: 'Windows 10 Pro; OS build 19042.1052; Version 2009; 64bit' Language: 'ru' Physical Memory: 16165 MB
BatchMode: 1, IsHumanControllingUs: 0, StartBugReporterOnCrash: 0, Is64bit: 1, IsPro: 0

 COMMAND LINE ARGUMENTS:
C:\Program Files\Unity\Hub\Editor\2020.3.11f1\Editor\Unity.exe
-adb2
-batchMode
-noUpm
-name
AssetImportWorker0
-projectPath
C:/UnityProjects/Clicker
-logFile
Logs/AssetImportWorker0.log
-srvPort
50367
Successfully changed project path to: C:/UnityProjects/Clicker
C:/UnityProjects/Clicker
Using Asset Import Pipeline V2.
Refreshing native plugins compatible for Editor in 32.55 ms, found 2 plugins.
Preloading 0 native plugins for Editor in 0.00 ms.
Initialize engine version: 2020.3.11f1 (99c7afb366b3)
[Subsystems] Discovering subsystems at path C:/Program Files/Unity/Hub/Editor/2020.3.11f1/Editor/Data/Resources/UnitySubsystems
[Subsystems] Discovering subsystems at path C:/UnityProjects/Clicker/Assets
GfxDevice: creating device client; threaded=0
Direct3D:
    Version:  Direct3D 11.0 [level 11.1]
    Renderer: NVIDIA GeForce GTX 1050 (ID=0x1c8d)
    Vendor:   
    VRAM:     4019 MB
    Driver:   27.21.14.6611
Initialize mono
Mono path[0] = 'C:/Program Files/Unity/Hub/Editor/2020.3.11f1/Editor/Data/Managed'
Mono path[1] = 'C:/Program Files/Unity/Hub/Editor/2020.3.11f1/Editor/Data/MonoBleedingEdge/lib/mono/unityjit'
Mono config path = 'C:/Program Files/Unity/Hub/Editor/2020.3.11f1/Editor/Data/MonoBleedingEdge/etc'
Using monoOptions --debugger-agent=transport=dt_socket,embedding=1,server=y,suspend=n,address=127.0.0.1:56532
Begin MonoManager ReloadAssembly
Registering precompiled unity dll's ...
Register platform support module: C:/Program Files/Unity/Hub/Editor/2020.3.11f1/Editor/Data/PlaybackEngines/WindowsStandaloneSupport/UnityEditor.WindowsStandalone.Extensions.dll
Registered in 0.003102 seconds.
Native extension for WindowsStandalone target not found
Refreshing native plugins compatible for Editor in 70.68 ms, found 2 plugins.
Preloading 0 native plugins for Editor in 0.00 ms.
Mono: successfully reloaded assembly
- Completed reload, in  3.250 seconds
Platform modules already initialized, skipping
Registering precompiled user dll's ...
Registered in 0.007901 seconds.
Begin MonoManager ReloadAssembly
Native extension for WindowsStandalone target not found
Refreshing native plugins compatible for Editor in 0.76 ms, found 2 plugins.
Preloading 0 native plugins for Editor in 0.00 ms.
Mono: successfully reloaded assembly
- Completed reload, in  1.616 seconds
Platform modules already initialized, skipping
========================================================================
Worker process is ready to serve import requests
Launched and connected shader compiler UnityShaderCompiler.exe after 0.05 seconds
Refreshing native plugins compatible for Editor in 0.28 ms, found 2 plugins.
Preloading 0 native plugins for Editor in 0.00 ms.
Unloading 1391 Unused Serialized files (Serialized files now loaded: 0)
System memory in use before: 64.8 MB.
System memory in use after: 64.9 MB.

Unloading 19 unused Assets to reduce memory usage. Loaded Objects now: 1824.
Total: 4.075300 ms (FindLiveObjects: 0.152900 ms CreateObjectMapping: 0.209200 ms MarkObjects: 3.630300 ms  DeleteObjects: 0.081700 ms)

========================================================================
Received Import Request.
  path: Assets/Scripts/GameManager.cs
  artifactKey: Guid(dc6fa3cee9b0a2f4b940834fcb2a375d) Importer(815301076,1909f56bfc062723c751e8b465ee728b)
Start importing Assets/Scripts/GameManager.cs using Guid(dc6fa3cee9b0a2f4b940834fcb2a375d) Importer(815301076,1909f56bfc062723c751e8b465ee728b)  -> (artifact id: '05bb4ea9354aafd3db75db62730ae870') in 0.021741 seconds
  Import took 0.024543 seconds .

========================================================================
Received Prepare
Registering precompiled user dll's ...
Registered in 0.004585 seconds.
Begin MonoManager ReloadAssembly
Native extension for WindowsStandalone target not found
Refreshing native plugins compatible for Editor in 0.28 ms, found 2 plugins.
Preloading 0 native plugins for Editor in 0.00 ms.
Mono: successfully reloaded assembly
- Completed reload, in  0.937 seconds
Platform modules already initialized, skipping
Switching build target platform(19) subTarget(0) extendedPlatform(0) -> platform(13) subTarget(537395200) extendedPlatform(0)
Refreshing native plugins compatible for Editor in 0.28 ms, found 2 plugins.
Preloading 0 native plugins for Editor in 0.00 ms.
Unloading 1389 Unused Serialized files (Serialized files now loaded: 0)
System memory in use before: 64.8 MB.
System memory in use after: 64.8 MB.

Unloading 14 unused Assets to reduce memory usage. Loaded Objects now: 1827.
Total: 1.760700 ms (FindLiveObjects: 0.137400 ms CreateObjectMapping: 0.043200 ms MarkObjects: 1.529200 ms  DeleteObjects: 0.049600 ms)

AssetImportParameters requested are different than current active one (requested -> active):
  custom:graphics/normal-map-encoding: 01000000000000000000000000000000 -> 02000000000000000000000000000000
========================================================================
Received Prepare
Registering precompiled user dll's ...
Registered in 0.004179 seconds.
Begin MonoManager ReloadAssembly
Native extension for WindowsStandalone target not found
Refreshing native plugins compatible for Editor in 0.53 ms, found 2 plugins.
Preloading 0 native plugins for Editor in 0.00 ms.
Mono: successfully reloaded assembly
- Completed reload, in  0.991 seconds
Platform modules already initialized, skipping
Switching build target platform(19) subTarget(0) extendedPlatform(0) -> platform(13) subTarget(537395200) extendedPlatform(0)
Refreshing native plugins compatible for Editor in 0.27 ms, found 2 plugins.
Preloading 0 native plugins for Editor in 0.00 ms.
Unloading 1389 Unused Serialized files (Serialized files now loaded: 0)
System memory in use before: 64.8 MB.
System memory in use after: 64.9 MB.

Unloading 14 unused Assets to reduce memory usage. Loaded Objects now: 1830.
Total: 1.887500 ms (FindLiveObjects: 0.142000 ms CreateObjectMapping: 0.035600 ms MarkObjects: 1.656400 ms  DeleteObjects: 0.052500 ms)

AssetImportParameters requested are different than current active one (requested -> active):
  custom:graphics/normal-map-encoding: 01000000000000000000000000000000 -> 02000000000000000000000000000000
========================================================================
Received Prepare
Registering precompiled user dll's ...
Registered in 0.003850 seconds.
Begin MonoManager ReloadAssembly
Native extension for WindowsStandalone target not found
Refreshing native plugins compatible for Editor in 0.28 ms, found 2 plugins.
Preloading 0 native plugins for Editor in 0.00 ms.
Mono: successfully reloaded assembly
- Completed reload, in  0.984 seconds
Platform modules already initialized, skipping
Switching build target platform(19) subTarget(0) extendedPlatform(0) -> platform(13) subTarget(537395200) extendedPlatform(0)
Refreshing native plugins compatible for Editor in 0.28 ms, found 2 plugins.
Preloading 0 native plugins for Editor in 0.00 ms.
Unloading 1389 Unused Serialized files (Serialized files now loaded: 0)
System memory in use before: 64.8 MB.
System memory in use after: 64.9 MB.

Unloading 14 unused Assets to reduce memory usage. Loaded Objects now: 1833.
Total: 2.068200 ms (FindLiveObjects: 0.142300 ms CreateObjectMapping: 0.036100 ms MarkObjects: 1.837000 ms  DeleteObjects: 0.052000 ms)

AssetImportParameters requested are different than current active one (requested -> active):
  custom:graphics/normal-map-encoding: 01000000000000000000000000000000 -> 02000000000000000000000000000000
========================================================================
Received Prepare
Registering precompiled user dll's ...
Registered in 0.003946 seconds.
Begin MonoManager ReloadAssembly
Native extension for WindowsStandalone target not found
Refreshing native plugins compatible for Editor in 0.33 ms, found 2 plugins.
Preloading 0 native plugins for Editor in 0.00 ms.
Mono: successfully reloaded assembly
- Completed reload, in  0.966 seconds
Platform modules already initialized, skipping
Switching build target platform(19) subTarget(0) extendedPlatform(0) -> platform(13) subTarget(537395200) extendedPlatform(0)
Refreshing native plugins compatible for Editor in 0.29 ms, found 2 plugins.
Preloading 0 native plugins for Editor in 0.00 ms.
Unloading 1389 Unused Serialized files (Serialized files now loaded: 0)
System memory in use before: 64.8 MB.
System memory in use after: 64.9 MB.

Unloading 14 unused Assets to reduce memory usage. Loaded Objects now: 1836.
Total: 2.072600 ms (FindLiveObjects: 0.149000 ms CreateObjectMapping: 0.044600 ms MarkObjects: 1.808000 ms  DeleteObjects: 0.069900 ms)

AssetImportParameters requested are different than current active one (requested -> active):
  custom:graphics/normal-map-encoding: 01000000000000000000000000000000 -> 02000000000000000000000000000000
========================================================================
Received Prepare
Registering precompiled user dll's ...
Registered in 0.003855 seconds.
Begin MonoManager ReloadAssembly
Native extension for WindowsStandalone target not found
Refreshing native plugins compatible for Editor in 0.28 ms, found 2 plugins.
Preloading 0 native plugins for Editor in 0.00 ms.
Mono: successfully reloaded assembly
- Completed reload, in  0.973 seconds
Platform modules already initialized, skipping
Switching build target platform(19) subTarget(0) extendedPlatform(0) -> platform(13) subTarget(537395200) extendedPlatform(0)
Refreshing native plugins compatible for Editor in 0.28 ms, found 2 plugins.
Preloading 0 native plugins for Editor in 0.00 ms.
Unloading 1389 Unused Serialized files (Serialized files now loaded: 0)
System memory in use before: 64.8 MB.
System memory in use after: 64.9 MB.

Unloading 14 unused Assets to reduce memory usage. Loaded Objects now: 1839.
Total: 1.692600 ms (FindLiveObjects: 0.122100 ms CreateObjectMapping: 0.036500 ms MarkObjects: 1.487400 ms  DeleteObjects: 0.045900 ms)

AssetImportParameters requested are different than current active one (requested -> active):
  custom:graphics/normal-map-encoding: 01000000000000000000000000000000 -> 02000000000000000000000000000000
========================================================================
Received Import Request.
  Time since last request: 1870.341932 seconds.
  path: Assets/Prefabs/Mob.prefab
  artifactKey: Guid(72d87bf231c6b37499d779f4c22696e0) Importer(815301076,1909f56bfc062723c751e8b465ee728b)
Start importing Assets/Prefabs/Mob.prefab using Guid(72d87bf231c6b37499d779f4c22696e0) Importer(815301076,1909f56bfc062723c751e8b465ee728b)  -> (artifact id: 'c69127e1f6d87c65aef942959e24524c') in 0.033257 seconds
  Import took 0.035675 seconds .

========================================================================
Received Import Request.
  Time since last request: 249.623631 seconds.
  path: Assets/Scripts/TrigerCubScripts
  artifactKey: Guid(bb72bca4d2ff9804dbd1e19adf1e4913) Importer(815301076,1909f56bfc062723c751e8b465ee728b)
Start importing Assets/Scripts/TrigerCubScripts using Guid(bb72bca4d2ff9804dbd1e19adf1e4913) Importer(815301076,1909f56bfc062723c751e8b465ee728b)  -> (artifact id: 'f564504eaef67908731c5450888bf1da') in 0.009259 seconds
  Import took 0.012377 seconds .

========================================================================
Received Import Request.
  Time since last request: 766.242034 seconds.
  path: Assets/Scripts/TrigerCubScripts/Triger.cs
  artifactKey: Guid(1c8323735b6acd84cb76509e023bbb97) Importer(815301076,1909f56bfc062723c751e8b465ee728b)
Start importing Assets/Scripts/TrigerCubScripts/Triger.cs using Guid(1c8323735b6acd84cb76509e023bbb97) Importer(815301076,1909f56bfc062723c751e8b465ee728b)  -> (artifact id: '96b2ea813f707e685d9774272a4a451d') in 0.010573 seconds
  Import took 0.014218 seconds .

========================================================================
Received Prepare
Registering precompiled user dll's ...
Registered in 0.005559 seconds.
Begin MonoManager ReloadAssembly
Native extension for WindowsStandalone target not found
Refreshing native plugins compatible for Editor in 0.30 ms, found 2 plugins.
Preloading 0 native plugins for Editor in 0.00 ms.
Mono: successfully reloaded assembly
- Completed reload, in  1.077 seconds
Platform modules already initialized, skipping
Switching build target platform(19) subTarget(0) extendedPlatform(0) -> platform(13) subTarget(537395200) extendedPlatform(0)
Refreshing native plugins compatible for Editor in 0.27 ms, found 2 plugins.
Preloading 0 native plugins for Editor in 0.00 ms.
Unloading 1390 Unused Serialized files (Serialized files now loaded: 0)
System memory in use before: 64.9 MB.
System memory in use after: 64.9 MB.

Unloading 14 unused Assets to reduce memory usage. Loaded Objects now: 1844.
Total: 1.693000 ms (FindLiveObjects: 0.137500 ms CreateObjectMapping: 0.043900 ms MarkObjects: 1.462000 ms  DeleteObjects: 0.048700 ms)

AssetImportParameters requested are different than current active one (requested -> active):
  custom:graphics/normal-map-encoding: 01000000000000000000000000000000 -> 02000000000000000000000000000000
========================================================================
Received Prepare
Registering precompiled user dll's ...
Registered in 0.004016 seconds.
Begin MonoManager ReloadAssembly
Native extension for WindowsStandalone target not found
Refreshing native plugins compatible for Editor in 0.33 ms, found 2 plugins.
Preloading 0 native plugins for Editor in 0.00 ms.
Mono: successfully reloaded assembly
- Completed reload, in  1.053 seconds
Platform modules already initialized, skipping
Switching build target platform(19) subTarget(0) extendedPlatform(0) -> platform(13) subTarget(537395200) extendedPlatform(0)
Refreshing native plugins compatible for Editor in 0.27 ms, found 2 plugins.
Preloading 0 native plugins for Editor in 0.00 ms.
Unloading 1390 Unused Serialized files (Serialized files now loaded: 0)
System memory in use before: 64.9 MB.
System memory in use after: 64.9 MB.

Unloading 14 unused Assets to reduce memory usage. Loaded Objects now: 1847.
Total: 1.928300 ms (FindLiveObjects: 0.139000 ms CreateObjectMapping: 0.034200 ms MarkObjects: 1.677600 ms  DeleteObjects: 0.076700 ms)

AssetImportParameters requested are different than current active one (requested -> active):
  custom:graphics/normal-map-encoding: 01000000000000000000000000000000 -> 02000000000000000000000000000000
========================================================================
Received Prepare
Registering precompiled user dll's ...
Registered in 0.004082 seconds.
Begin MonoManager ReloadAssembly
Native extension for WindowsStandalone target not found
Refreshing native plugins compatible for Editor in 0.28 ms, found 2 plugins.
Preloading 0 native plugins for Editor in 0.00 ms.
Mono: successfully reloaded assembly
- Completed reload, in  0.982 seconds
Platform modules already initialized, skipping
Switching build target platform(19) subTarget(0) extendedPlatform(0) -> platform(13) subTarget(537395200) extendedPlatform(0)
Refreshing native plugins compatible for Editor in 0.27 ms, found 2 plugins.
Preloading 0 native plugins for Editor in 0.00 ms.
Unloading 1390 Unused Serialized files (Serialized files now loaded: 0)
System memory in use before: 64.9 MB.
System memory in use after: 65.0 MB.

Unloading 14 unused Assets to reduce memory usage. Loaded Objects now: 1850.
Total: 2.042300 ms (FindLiveObjects: 0.143400 ms CreateObjectMapping: 0.035100 ms MarkObjects: 1.819000 ms  DeleteObjects: 0.044000 ms)

AssetImportParameters requested are different than current active one (requested -> active):
  custom:graphics/normal-map-encoding: 01000000000000000000000000000000 -> 02000000000000000000000000000000
========================================================================
Received Import Request.
  Time since last request: 2422.992347 seconds.
  path: Assets/Prefabs/Mob.prefab
  artifactKey: Guid(72d87bf231c6b37499d779f4c22696e0) Importer(815301076,1909f56bfc062723c751e8b465ee728b)
Start importing Assets/Prefabs/Mob.prefab using Guid(72d87bf231c6b37499d779f4c22696e0) Importer(815301076,1909f56bfc062723c751e8b465ee728b)  -> (artifact id: 'ede8782eddf9b189ef2a9a9bec373e02') in 0.026722 seconds
  Import took 0.029435 seconds .

========================================================================
Received Import Request.
  Time since last request: 21.324042 seconds.
  path: Assets/Prefabs/Mob.prefab
  artifactKey: Guid(72d87bf231c6b37499d779f4c22696e0) Importer(815301076,1909f56bfc062723c751e8b465ee728b)
Start importing Assets/Prefabs/Mob.prefab using Guid(72d87bf231c6b37499d779f4c22696e0) Importer(815301076,1909f56bfc062723c751e8b465ee728b)  -> (artifact id: '3cd5c717f07d9fc0b979913e08d7553a') in 0.005015 seconds
  Import took 0.007545 seconds .

========================================================================
Received Import Request.
  Time since last request: 0.016376 seconds.
  path: Assets/Prefabs/Mob.prefab
  artifactKey: Guid(72d87bf231c6b37499d779f4c22696e0) Importer(815301076,1909f56bfc062723c751e8b465ee728b)
Start importing Assets/Prefabs/Mob.prefab using Guid(72d87bf231c6b37499d779f4c22696e0) Importer(815301076,1909f56bfc062723c751e8b465ee728b)  -> (artifact id: '3cd5c717f07d9fc0b979913e08d7553a') in 0.004812 seconds
  Import took 0.007162 seconds .

========================================================================
Received Import Request.
  Time since last request: 4.721827 seconds.
  path: Assets/Prefabs/Mob.prefab
  artifactKey: Guid(72d87bf231c6b37499d779f4c22696e0) Importer(815301076,1909f56bfc062723c751e8b465ee728b)
Start importing Assets/Prefabs/Mob.prefab using Guid(72d87bf231c6b37499d779f4c22696e0) Importer(815301076,1909f56bfc062723c751e8b465ee728b)  -> (artifact id: '8fc9b1ceac360e3cba9bc14576ff5127') in 0.006220 seconds
  Import took 0.010296 seconds .

========================================================================
Received Import Request.
  Time since last request: 0.013122 seconds.
  path: Assets/Prefabs/Mob.prefab
  artifactKey: Guid(72d87bf231c6b37499d779f4c22696e0) Importer(815301076,1909f56bfc062723c751e8b465ee728b)
Start importing Assets/Prefabs/Mob.prefab using Guid(72d87bf231c6b37499d779f4c22696e0) Importer(815301076,1909f56bfc062723c751e8b465ee728b)  -> (artifact id: '8fc9b1ceac360e3cba9bc14576ff5127') in 0.004752 seconds
  Import took 0.007123 seconds .

========================================================================
Received Import Request.
  Time since last request: 4.004434 seconds.
  path: Assets/Prefabs/Mob.prefab
  artifactKey: Guid(72d87bf231c6b37499d779f4c22696e0) Importer(815301076,1909f56bfc062723c751e8b465ee728b)
Start importing Assets/Prefabs/Mob.prefab using Guid(72d87bf231c6b37499d779f4c22696e0) Importer(815301076,1909f56bfc062723c751e8b465ee728b)  -> (artifact id: 'ee54f6d0f0829e11e0759de6ed1e2384') in 0.004495 seconds
  Import took 0.007031 seconds .

========================================================================
Received Import Request.
  Time since last request: 0.013253 seconds.
  path: Assets/Prefabs/Mob.prefab
  artifactKey: Guid(72d87bf231c6b37499d779f4c22696e0) Importer(815301076,1909f56bfc062723c751e8b465ee728b)
Start importing Assets/Prefabs/Mob.prefab using Guid(72d87bf231c6b37499d779f4c22696e0) Importer(815301076,1909f56bfc062723c751e8b465ee728b)  -> (artifact id: 'ee54f6d0f0829e11e0759de6ed1e2384') in 0.005253 seconds
  Import took 0.007758 seconds .

========================================================================
Received Import Request.
  Time since last request: 24.415549 seconds.
  path: Assets/Prefabs/Mob.prefab
  artifactKey: Guid(72d87bf231c6b37499d779f4c22696e0) Importer(815301076,1909f56bfc062723c751e8b465ee728b)
Start importing Assets/Prefabs/Mob.prefab using Guid(72d87bf231c6b37499d779f4c22696e0) Importer(815301076,1909f56bfc062723c751e8b465ee728b)  -> (artifact id: '2b5142230f8c52d534a61a127a4387cc') in 0.005556 seconds
  Import took 0.008077 seconds .

========================================================================
Received Import Request.
  Time since last request: 0.013444 seconds.
  path: Assets/Prefabs/Mob.prefab
  artifactKey: Guid(72d87bf231c6b37499d779f4c22696e0) Importer(815301076,1909f56bfc062723c751e8b465ee728b)
Start importing Assets/Prefabs/Mob.prefab using Guid(72d87bf231c6b37499d779f4c22696e0) Importer(815301076,1909f56bfc062723c751e8b465ee728b)  -> (artifact id: '2b5142230f8c52d534a61a127a4387cc') in 0.004576 seconds
  Import took 0.006766 seconds .

========================================================================
Received Prepare
Registering precompiled user dll's ...
Registered in 0.003787 seconds.
Begin MonoManager ReloadAssembly
Native extension for WindowsStandalone target not found
Refreshing native plugins compatible for Editor in 0.27 ms, found 2 plugins.
Preloading 0 native plugins for Editor in 0.00 ms.
Mono: successfully reloaded assembly
- Completed reload, in  0.975 seconds
Platform modules already initialized, skipping
Switching build target platform(19) subTarget(0) extendedPlatform(0) -> platform(13) subTarget(537395200) extendedPlatform(0)
Refreshing native plugins compatible for Editor in 0.31 ms, found 2 plugins.
Preloading 0 native plugins for Editor in 0.00 ms.
Unloading 1390 Unused Serialized files (Serialized files now loaded: 0)
System memory in use before: 64.9 MB.
System memory in use after: 65.0 MB.

Unloading 14 unused Assets to reduce memory usage. Loaded Objects now: 1853.
Total: 1.896100 ms (FindLiveObjects: 0.120000 ms CreateObjectMapping: 0.033200 ms MarkObjects: 1.697600 ms  DeleteObjects: 0.044400 ms)

AssetImportParameters requested are different than current active one (requested -> active):
  custom:graphics/normal-map-encoding: 01000000000000000000000000000000 -> 02000000000000000000000000000000
========================================================================
Received Import Request.
  Time since last request: 102.061392 seconds.
  path: Assets/Prefabs/Mob.prefab
  artifactKey: Guid(72d87bf231c6b37499d779f4c22696e0) Importer(815301076,1909f56bfc062723c751e8b465ee728b)
Start importing Assets/Prefabs/Mob.prefab using Guid(72d87bf231c6b37499d779f4c22696e0) Importer(815301076,1909f56bfc062723c751e8b465ee728b)  -> (artifact id: '87ee1caf6c7ab097d3d34649677def3c') in 0.021117 seconds
  Import took 0.023217 seconds .

========================================================================
Received Import Request.
  Time since last request: 173.814259 seconds.
  path: Assets/Resources
  artifactKey: Guid(5d5b14ccf05d6904bacda8a8d42b4abc) Importer(815301076,1909f56bfc062723c751e8b465ee728b)
Start importing Assets/Resources using Guid(5d5b14ccf05d6904bacda8a8d42b4abc) Importer(815301076,1909f56bfc062723c751e8b465ee728b)  -> (artifact id: 'f3dae16f4bf9144008baf4886a51e866') in 0.010774 seconds
  Import took 0.013798 seconds .

========================================================================
Received Prepare
Registering precompiled user dll's ...
Registered in 0.003940 seconds.
Begin MonoManager ReloadAssembly
Native extension for WindowsStandalone target not found
Refreshing native plugins compatible for Editor in 0.28 ms, found 2 plugins.
Preloading 0 native plugins for Editor in 0.00 ms.
Mono: successfully reloaded assembly
- Completed reload, in  1.013 seconds
Platform modules already initialized, skipping
Switching build target platform(19) subTarget(0) extendedPlatform(0) -> platform(13) subTarget(537395200) extendedPlatform(0)
Refreshing native plugins compatible for Editor in 0.27 ms, found 2 plugins.
Preloading 0 native plugins for Editor in 0.00 ms.
Unloading 1390 Unused Serialized files (Serialized files now loaded: 0)
System memory in use before: 64.9 MB.
System memory in use after: 65.0 MB.

Unloading 14 unused Assets to reduce memory usage. Loaded Objects now: 1856.
Total: 1.862900 ms (FindLiveObjects: 0.151900 ms CreateObjectMapping: 0.040500 ms MarkObjects: 1.623700 ms  DeleteObjects: 0.045800 ms)

AssetImportParameters requested are different than current active one (requested -> active):
  custom:graphics/normal-map-encoding: 01000000000000000000000000000000 -> 02000000000000000000000000000000
========================================================================
Received Import Request.
  Time since last request: 789.191657 seconds.
  path: Assets/Resources/BaseMobDelete.cs
  artifactKey: Guid(5a9bbde6519beec4f96d74d47d956c0c) Importer(815301076,1909f56bfc062723c751e8b465ee728b)
Start importing Assets/Resources/BaseMobDelete.cs using Guid(5a9bbde6519beec4f96d74d47d956c0c) Importer(815301076,1909f56bfc062723c751e8b465ee728b)  -> (artifact id: '25f5b363e7443077efb71490d5fb9a94') in 0.012759 seconds
  Import took 0.015715 seconds .

========================================================================
Received Prepare
Registering precompiled user dll's ...
Registered in 0.004104 seconds.
Begin MonoManager ReloadAssembly
Native extension for WindowsStandalone target not found
Refreshing native plugins compatible for Editor in 0.84 ms, found 2 plugins.
Preloading 0 native plugins for Editor in 0.00 ms.
Mono: successfully reloaded assembly
- Completed reload, in  1.106 seconds
Platform modules already initialized, skipping
Switching build target platform(19) subTarget(0) extendedPlatform(0) -> platform(13) subTarget(537395200) extendedPlatform(0)
Refreshing native plugins compatible for Editor in 0.27 ms, found 2 plugins.
Preloading 0 native plugins for Editor in 0.00 ms.
Unloading 1391 Unused Serialized files (Serialized files now loaded: 0)
System memory in use before: 64.9 MB.
System memory in use after: 65.0 MB.

Unloading 14 unused Assets to reduce memory usage. Loaded Objects now: 1860.
Total: 1.874700 ms (FindLiveObjects: 0.130100 ms CreateObjectMapping: 0.040900 ms MarkObjects: 1.651700 ms  DeleteObjects: 0.051000 ms)

AssetImportParameters requested are different than current active one (requested -> active):
  custom:graphics/normal-map-encoding: 01000000000000000000000000000000 -> 02000000000000000000000000000000
========================================================================
Received Import Request.
  Time since last request: 4.279210 seconds.
  path: Assets/Resources/Mob.prefab
  artifactKey: Guid(72d87bf231c6b37499d779f4c22696e0) Importer(815301076,1909f56bfc062723c751e8b465ee728b)
Start importing Assets/Resources/Mob.prefab using Guid(72d87bf231c6b37499d779f4c22696e0) Importer(815301076,1909f56bfc062723c751e8b465ee728b)  -> (artifact id: '5f1207716704b99e8880e4ee40100918') in 0.029961 seconds
  Import took 0.033307 seconds .

========================================================================
Received Prepare
Registering precompiled user dll's ...
Registered in 0.003915 seconds.
Begin MonoManager ReloadAssembly
Native extension for WindowsStandalone target not found
Refreshing native plugins compatible for Editor in 0.28 ms, found 2 plugins.
Preloading 0 native plugins for Editor in 0.00 ms.
Mono: successfully reloaded assembly
- Completed reload, in  1.019 seconds
Platform modules already initialized, skipping
Switching build target platform(19) subTarget(0) extendedPlatform(0) -> platform(13) subTarget(537395200) extendedPlatform(0)
Refreshing native plugins compatible for Editor in 0.47 ms, found 2 plugins.
Preloading 0 native plugins for Editor in 0.00 ms.
Unloading 1391 Unused Serialized files (Serialized files now loaded: 0)
System memory in use before: 64.9 MB.
System memory in use after: 65.0 MB.

Unloading 14 unused Assets to reduce memory usage. Loaded Objects now: 1863.
Total: 2.334800 ms (FindLiveObjects: 0.251600 ms CreateObjectMapping: 0.073800 ms MarkObjects: 1.957200 ms  DeleteObjects: 0.051100 ms)

AssetImportParameters requested are different than current active one (requested -> active):
  custom:graphics/normal-map-encoding: 01000000000000000000000000000000 -> 02000000000000000000000000000000
========================================================================
Received Prepare
Registering precompiled user dll's ...
Registered in 0.004653 seconds.
Begin MonoManager ReloadAssembly
Native extension for WindowsStandalone target not found
Refreshing native plugins compatible for Editor in 0.29 ms, found 2 plugins.
Preloading 0 native plugins for Editor in 0.00 ms.
Mono: successfully reloaded assembly
- Completed reload, in  0.997 seconds
Platform modules already initialized, skipping
Switching build target platform(19) subTarget(0) extendedPlatform(0) -> platform(13) subTarget(537395200) extendedPlatform(0)
Refreshing native plugins compatible for Editor in 0.27 ms, found 2 plugins.
Preloading 0 native plugins for Editor in 0.00 ms.
Unloading 1391 Unused Serialized files (Serialized files now loaded: 0)
System memory in use before: 64.9 MB.
System memory in use after: 65.0 MB.

Unloading 14 unused Assets to reduce memory usage. Loaded Objects now: 1866.
Total: 1.984000 ms (FindLiveObjects: 0.191000 ms CreateObjectMapping: 0.037600 ms MarkObjects: 1.707300 ms  DeleteObjects: 0.047100 ms)

AssetImportParameters requested are different than current active one (requested -> active):
  custom:graphics/normal-map-encoding: 01000000000000000000000000000000 -> 02000000000000000000000000000000
========================================================================
Received Prepare
Registering precompiled user dll's ...
Registered in 0.005062 seconds.
Begin MonoManager ReloadAssembly
Native extension for WindowsStandalone target not found
Refreshing native plugins compatible for Editor in 0.28 ms, found 2 plugins.
Preloading 0 native plugins for Editor in 0.00 ms.
Mono: successfully reloaded assembly
- Completed reload, in  1.050 seconds
Platform modules already initialized, skipping
Switching build target platform(19) subTarget(0) extendedPlatform(0) -> platform(13) subTarget(537395200) extendedPlatform(0)
Refreshing native plugins compatible for Editor in 0.27 ms, found 2 plugins.
Preloading 0 native plugins for Editor in 0.00 ms.
Unloading 1391 Unused Serialized files (Serialized files now loaded: 0)
System memory in use before: 64.9 MB.
System memory in use after: 65.0 MB.

Unloading 14 unused Assets to reduce memory usage. Loaded Objects now: 1869.
Total: 2.080000 ms (FindLiveObjects: 0.129400 ms CreateObjectMapping: 0.039300 ms MarkObjects: 1.859800 ms  DeleteObjects: 0.050500 ms)

AssetImportParameters requested are different than current active one (requested -> active):
  custom:graphics/normal-map-encoding: 01000000000000000000000000000000 -> 02000000000000000000000000000000
========================================================================
Received Prepare
Registering precompiled user dll's ...
Registered in 0.003897 seconds.
Begin MonoManager ReloadAssembly
Native extension for WindowsStandalone target not found
Refreshing native plugins compatible for Editor in 0.27 ms, found 2 plugins.
Preloading 0 native plugins for Editor in 0.00 ms.
Mono: successfully reloaded assembly
- Completed reload, in  1.011 seconds
Platform modules already initialized, skipping
Switching build target platform(19) subTarget(0) extendedPlatform(0) -> platform(13) subTarget(537395200) extendedPlatform(0)
Refreshing native plugins compatible for Editor in 0.28 ms, found 2 plugins.
Preloading 0 native plugins for Editor in 0.00 ms.
Unloading 1391 Unused Serialized files (Serialized files now loaded: 0)
System memory in use before: 64.9 MB.
System memory in use after: 65.0 MB.

Unloading 14 unused Assets to reduce memory usage. Loaded Objects now: 1872.
Total: 1.952400 ms (FindLiveObjects: 0.146300 ms CreateObjectMapping: 0.040800 ms MarkObjects: 1.715300 ms  DeleteObjects: 0.049000 ms)

AssetImportParameters requested are different than current active one (requested -> active):
  custom:graphics/normal-map-encoding: 01000000000000000000000000000000 -> 02000000000000000000000000000000
========================================================================
Received Prepare
Registering precompiled user dll's ...
Registered in 0.005421 seconds.
Begin MonoManager ReloadAssembly
Native extension for WindowsStandalone target not found
Refreshing native plugins compatible for Editor in 0.29 ms, found 2 plugins.
Preloading 0 native plugins for Editor in 0.00 ms.
Mono: successfully reloaded assembly
- Completed reload, in  1.034 seconds
Platform modules already initialized, skipping
Switching build target platform(19) subTarget(0) extendedPlatform(0) -> platform(13) subTarget(537395200) extendedPlatform(0)
Refreshing native plugins compatible for Editor in 0.49 ms, found 2 plugins.
Preloading 0 native plugins for Editor in 0.00 ms.
Unloading 1391 Unused Serialized files (Serialized files now loaded: 0)
System memory in use before: 64.9 MB.
System memory in use after: 65.0 MB.

Unloading 14 unused Assets to reduce memory usage. Loaded Objects now: 1875.
Total: 1.723700 ms (FindLiveObjects: 0.149200 ms CreateObjectMapping: 0.043300 ms MarkObjects: 1.484500 ms  DeleteObjects: 0.045800 ms)

AssetImportParameters requested are different than current active one (requested -> active):
  custom:graphics/normal-map-encoding: 01000000000000000000000000000000 -> 02000000000000000000000000000000
========================================================================
Received Prepare
Registering precompiled user dll's ...
Registered in 0.003805 seconds.
Begin MonoManager ReloadAssembly
Native extension for WindowsStandalone target not found
Refreshing native plugins compatible for Editor in 0.28 ms, found 2 plugins.
Preloading 0 native plugins for Editor in 0.00 ms.
Mono: successfully reloaded assembly
- Completed reload, in  1.074 seconds
Platform modules already initialized, skipping
Switching build target platform(19) subTarget(0) extendedPlatform(0) -> platform(13) subTarget(537395200) extendedPlatform(0)
Refreshing native plugins compatible for Editor in 0.27 ms, found 2 plugins.
Preloading 0 native plugins for Editor in 0.00 ms.
Unloading 1391 Unused Serialized files (Serialized files now loaded: 0)
System memory in use before: 65.0 MB.
System memory in use after: 65.0 MB.

Unloading 14 unused Assets to reduce memory usage. Loaded Objects now: 1878.
Total: 2.097300 ms (FindLiveObjects: 0.150100 ms CreateObjectMapping: 0.040700 ms MarkObjects: 1.860600 ms  DeleteObjects: 0.044900 ms)

AssetImportParameters requested are different than current active one (requested -> active):
  custom:graphics/normal-map-encoding: 01000000000000000000000000000000 -> 02000000000000000000000000000000
========================================================================
Received Prepare
Registering precompiled user dll's ...
Registered in 0.003803 seconds.
Begin MonoManager ReloadAssembly
Native extension for WindowsStandalone target not found
Refreshing native plugins compatible for Editor in 0.27 ms, found 2 plugins.
Preloading 0 native plugins for Editor in 0.00 ms.
Mono: successfully reloaded assembly
- Completed reload, in  1.040 seconds
Platform modules already initialized, skipping
Switching build target platform(19) subTarget(0) extendedPlatform(0) -> platform(13) subTarget(537395200) extendedPlatform(0)
Refreshing native plugins compatible for Editor in 0.29 ms, found 2 plugins.
Preloading 0 native plugins for Editor in 0.00 ms.
Unloading 1391 Unused Serialized files (Serialized files now loaded: 0)
System memory in use before: 65.0 MB.
System memory in use after: 65.0 MB.

Unloading 14 unused Assets to reduce memory usage. Loaded Objects now: 1881.
Total: 2.011600 ms (FindLiveObjects: 0.151700 ms CreateObjectMapping: 0.042100 ms MarkObjects: 1.770900 ms  DeleteObjects: 0.046100 ms)

AssetImportParameters requested are different than current active one (requested -> active):
  custom:graphics/normal-map-encoding: 01000000000000000000000000000000 -> 02000000000000000000000000000000
========================================================================
Received Prepare
Registering precompiled user dll's ...
Registered in 0.004159 seconds.
Begin MonoManager ReloadAssembly
Native extension for WindowsStandalone target not found
Refreshing native plugins compatible for Editor in 0.29 ms, found 2 plugins.
Preloading 0 native plugins for Editor in 0.00 ms.
Mono: successfully reloaded assembly
- Completed reload, in  1.118 seconds
Platform modules already initialized, skipping
Switching build target platform(19) subTarget(0) extendedPlatform(0) -> platform(13) subTarget(537395200) extendedPlatform(0)
Refreshing native plugins compatible for Editor in 0.29 ms, found 2 plugins.
Preloading 0 native plugins for Editor in 0.00 ms.
Unloading 1403 Unused Serialized files (Serialized files now loaded: 0)
System memory in use before: 66.9 MB.
System memory in use after: 66.4 MB.

Unloading 28 unused Assets to reduce memory usage. Loaded Objects now: 1883.
Total: 2.384600 ms (FindLiveObjects: 0.155400 ms CreateObjectMapping: 0.039300 ms MarkObjects: 1.880800 ms  DeleteObjects: 0.307900 ms)

AssetImportParameters requested are different than current active one (requested -> active):
  custom:graphics/normal-map-encoding: 01000000000000000000000000000000 -> 02000000000000000000000000000000
========================================================================
Received Import Request.
  Time since last request: 827.581576 seconds.
  path: Assets/Prefabs/Goblin.prefab
  artifactKey: Guid(ee22fe78a9379184c92111d6139283c7) Importer(815301076,1909f56bfc062723c751e8b465ee728b)
Start importing Assets/Prefabs/Goblin.prefab using Guid(ee22fe78a9379184c92111d6139283c7) Importer(815301076,1909f56bfc062723c751e8b465ee728b)  -> (artifact id: 'b9201c3356c4dcc47bbad2fa9ed73d47') in 0.097547 seconds
  Import took 0.099808 seconds .

========================================================================
Received Import Request.
  Time since last request: 19.043557 seconds.
  path: Assets/Prefabs/Ork.prefab
  artifactKey: Guid(67dde86f378d9764fb77b851242bcd06) Importer(815301076,1909f56bfc062723c751e8b465ee728b)
Start importing Assets/Prefabs/Ork.prefab using Guid(67dde86f378d9764fb77b851242bcd06) Importer(815301076,1909f56bfc062723c751e8b465ee728b)  -> (artifact id: '16d56fca966acd1e0667785da9f1edfc') in 0.014339 seconds
  Import took 0.016840 seconds .

========================================================================
Received Import Request.
  Time since last request: 0.014916 seconds.
  path: Assets/Prefabs/Ork.prefab
  artifactKey: Guid(67dde86f378d9764fb77b851242bcd06) Importer(815301076,1909f56bfc062723c751e8b465ee728b)
Start importing Assets/Prefabs/Ork.prefab using Guid(67dde86f378d9764fb77b851242bcd06) Importer(815301076,1909f56bfc062723c751e8b465ee728b)  -> (artifact id: '16d56fca966acd1e0667785da9f1edfc') in 0.012108 seconds
  Import took 0.014729 seconds .

========================================================================
Received Import Request.
  Time since last request: 1.668559 seconds.
  path: Assets/Prefabs/Troll.prefab
  artifactKey: Guid(429518f11c83181429430f9ba290d46e) Importer(815301076,1909f56bfc062723c751e8b465ee728b)
Start importing Assets/Prefabs/Troll.prefab using Guid(429518f11c83181429430f9ba290d46e) Importer(815301076,1909f56bfc062723c751e8b465ee728b)  -> (artifact id: '99f0795043e737c2cf72fafbe057607f') in 0.014448 seconds
  Import took 0.017270 seconds .

========================================================================
Received Import Request.
  Time since last request: 0.016703 seconds.
  path: Assets/Prefabs/Troll.prefab
  artifactKey: Guid(429518f11c83181429430f9ba290d46e) Importer(815301076,1909f56bfc062723c751e8b465ee728b)
Start importing Assets/Prefabs/Troll.prefab using Guid(429518f11c83181429430f9ba290d46e) Importer(815301076,1909f56bfc062723c751e8b465ee728b)  -> (artifact id: '99f0795043e737c2cf72fafbe057607f') in 0.010883 seconds
  Import took 0.014602 seconds .

========================================================================
Received Prepare
Registering precompiled user dll's ...
Registered in 0.003896 seconds.
Begin MonoManager ReloadAssembly
Native extension for WindowsStandalone target not found
Refreshing native plugins compatible for Editor in 0.28 ms, found 2 plugins.
Preloading 0 native plugins for Editor in 0.00 ms.
Mono: successfully reloaded assembly
- Completed reload, in  1.056 seconds
Platform modules already initialized, skipping
Switching build target platform(19) subTarget(0) extendedPlatform(0) -> platform(13) subTarget(537395200) extendedPlatform(0)
Refreshing native plugins compatible for Editor in 0.28 ms, found 2 plugins.
Preloading 0 native plugins for Editor in 0.00 ms.
Unloading 1403 Unused Serialized files (Serialized files now loaded: 0)
System memory in use before: 70.0 MB.
System memory in use after: 69.5 MB.

Unloading 27 unused Assets to reduce memory usage. Loaded Objects now: 1893.
Total: 2.375700 ms (FindLiveObjects: 0.242800 ms CreateObjectMapping: 0.048900 ms MarkObjects: 1.725400 ms  DeleteObjects: 0.356200 ms)

AssetImportParameters requested are different than current active one (requested -> active):
  custom:graphics/normal-map-encoding: 01000000000000000000000000000000 -> 02000000000000000000000000000000
========================================================================
Received Import Request.
  Time since last request: 39.268775 seconds.
  path: Assets/Prefabs/Ork.prefab
  artifactKey: Guid(67dde86f378d9764fb77b851242bcd06) Importer(815301076,1909f56bfc062723c751e8b465ee728b)
Start importing Assets/Prefabs/Ork.prefab using Guid(67dde86f378d9764fb77b851242bcd06) Importer(815301076,1909f56bfc062723c751e8b465ee728b)  -> (artifact id: '45e34635d816e16487687c8f2eaf53ab') in 0.055012 seconds
  Import took 0.058322 seconds .

========================================================================
Received Import Request.
  Time since last request: 1.820745 seconds.
  path: Assets/Prefabs/Goblin.prefab
  artifactKey: Guid(ee22fe78a9379184c92111d6139283c7) Importer(815301076,1909f56bfc062723c751e8b465ee728b)
Start importing Assets/Prefabs/Goblin.prefab using Guid(ee22fe78a9379184c92111d6139283c7) Importer(815301076,1909f56bfc062723c751e8b465ee728b)  -> (artifact id: 'a1640a6ad8f99e1f3a2f067453f998a5') in 0.010981 seconds
  Import took 0.013400 seconds .

========================================================================
Received Import Request.
  Time since last request: 0.018015 seconds.
  path: Assets/Prefabs/Goblin.prefab
  artifactKey: Guid(ee22fe78a9379184c92111d6139283c7) Importer(815301076,1909f56bfc062723c751e8b465ee728b)
Start importing Assets/Prefabs/Goblin.prefab using Guid(ee22fe78a9379184c92111d6139283c7) Importer(815301076,1909f56bfc062723c751e8b465ee728b)  -> (artifact id: 'a1640a6ad8f99e1f3a2f067453f998a5') in 0.024043 seconds
  Import took 0.026261 seconds .

========================================================================
Received Import Request.
  Time since last request: 1.690932 seconds.
  path: Assets/Prefabs/Troll.prefab
  artifactKey: Guid(429518f11c83181429430f9ba290d46e) Importer(815301076,1909f56bfc062723c751e8b465ee728b)
Start importing Assets/Prefabs/Troll.prefab using Guid(429518f11c83181429430f9ba290d46e) Importer(815301076,1909f56bfc062723c751e8b465ee728b)  -> (artifact id: 'daf803fb7c6176f103f0e04fad1f62a8') in 0.011566 seconds
  Import took 0.014511 seconds .

========================================================================
Received Import Request.
  Time since last request: 0.017488 seconds.
  path: Assets/Prefabs/Troll.prefab
  artifactKey: Guid(429518f11c83181429430f9ba290d46e) Importer(815301076,1909f56bfc062723c751e8b465ee728b)
Start importing Assets/Prefabs/Troll.prefab using Guid(429518f11c83181429430f9ba290d46e) Importer(815301076,1909f56bfc062723c751e8b465ee728b)  -> (artifact id: 'daf803fb7c6176f103f0e04fad1f62a8') in 0.010462 seconds
  Import took 0.013441 seconds .

========================================================================
Received Prepare
Registering precompiled user dll's ...
Registered in 0.003909 seconds.
Begin MonoManager ReloadAssembly
Native extension for WindowsStandalone target not found
Refreshing native plugins compatible for Editor in 0.31 ms, found 2 plugins.
Preloading 0 native plugins for Editor in 0.00 ms.
Mono: successfully reloaded assembly
- Completed reload, in  1.051 seconds
Platform modules already initialized, skipping
Switching build target platform(19) subTarget(0) extendedPlatform(0) -> platform(13) subTarget(537395200) extendedPlatform(0)
Refreshing native plugins compatible for Editor in 0.28 ms, found 2 plugins.
Preloading 0 native plugins for Editor in 0.00 ms.
Unloading 1403 Unused Serialized files (Serialized files now loaded: 0)
System memory in use before: 70.1 MB.
System memory in use after: 69.5 MB.

Unloading 27 unused Assets to reduce memory usage. Loaded Objects now: 1897.
Total: 2.564100 ms (FindLiveObjects: 0.154000 ms CreateObjectMapping: 0.040400 ms MarkObjects: 2.036300 ms  DeleteObjects: 0.332500 ms)

AssetImportParameters requested are different than current active one (requested -> active):
  custom:graphics/normal-map-encoding: 01000000000000000000000000000000 -> 02000000000000000000000000000000
========================================================================
Received Import Request.
  Time since last request: 30.656941 seconds.
  path: Assets/Prefabs/Troll.prefab
  artifactKey: Guid(429518f11c83181429430f9ba290d46e) Importer(815301076,1909f56bfc062723c751e8b465ee728b)
Start importing Assets/Prefabs/Troll.prefab using Guid(429518f11c83181429430f9ba290d46e) Importer(815301076,1909f56bfc062723c751e8b465ee728b)  -> (artifact id: '96f8b7ef03a4bfa7ddba593dc52f9607') in 0.059950 seconds
  Import took 0.063075 seconds .

========================================================================
Received Import Request.
  Time since last request: 1.840564 seconds.
  path: Assets/Prefabs/Goblin.prefab
  artifactKey: Guid(ee22fe78a9379184c92111d6139283c7) Importer(815301076,1909f56bfc062723c751e8b465ee728b)
Start importing Assets/Prefabs/Goblin.prefab using Guid(ee22fe78a9379184c92111d6139283c7) Importer(815301076,1909f56bfc062723c751e8b465ee728b)  -> (artifact id: '21f2327f4efd82bba451a7f17516e6a8') in 0.009623 seconds
  Import took 0.012054 seconds .

========================================================================
Received Prepare
Registering precompiled user dll's ...
Registered in 0.004179 seconds.
Begin MonoManager ReloadAssembly
Native extension for WindowsStandalone target not found
Refreshing native plugins compatible for Editor in 0.28 ms, found 2 plugins.
Preloading 0 native plugins for Editor in 0.00 ms.
Mono: successfully reloaded assembly
- Completed reload, in  1.130 seconds
Platform modules already initialized, skipping
Switching build target platform(19) subTarget(0) extendedPlatform(0) -> platform(13) subTarget(537395200) extendedPlatform(0)
Refreshing native plugins compatible for Editor in 0.29 ms, found 2 plugins.
Preloading 0 native plugins for Editor in 0.00 ms.
Unloading 1403 Unused Serialized files (Serialized files now loaded: 0)
System memory in use before: 70.1 MB.
System memory in use after: 69.5 MB.

Unloading 27 unused Assets to reduce memory usage. Loaded Objects now: 1901.
Total: 2.438500 ms (FindLiveObjects: 0.144500 ms CreateObjectMapping: 0.043000 ms MarkObjects: 1.901600 ms  DeleteObjects: 0.347800 ms)

AssetImportParameters requested are different than current active one (requested -> active):
  custom:graphics/normal-map-encoding: 01000000000000000000000000000000 -> 02000000000000000000000000000000
========================================================================
Received Import Request.
  Time since last request: 5.585524 seconds.
  path: Assets/Prefabs/Ork.prefab
  artifactKey: Guid(67dde86f378d9764fb77b851242bcd06) Importer(815301076,1909f56bfc062723c751e8b465ee728b)
Start importing Assets/Prefabs/Ork.prefab using Guid(67dde86f378d9764fb77b851242bcd06) Importer(815301076,1909f56bfc062723c751e8b465ee728b)  -> (artifact id: '268a6f89dd2888a9a537f75b445ba683') in 0.061538 seconds
  Import took 0.064688 seconds .

========================================================================
Received Import Request.
  Time since last request: 42.306152 seconds.
  path: Assets/Prefabs/Goblin.prefab
  artifactKey: Guid(ee22fe78a9379184c92111d6139283c7) Importer(815301076,1909f56bfc062723c751e8b465ee728b)
Start importing Assets/Prefabs/Goblin.prefab using Guid(ee22fe78a9379184c92111d6139283c7) Importer(815301076,1909f56bfc062723c751e8b465ee728b)  -> (artifact id: '684ccba5e1e515560c6abe06d0e4b20c') in 0.009809 seconds
  Import took 0.013738 seconds .

========================================================================
Received Import Request.
  Time since last request: 0.019134 seconds.
  path: Assets/Prefabs/Goblin.prefab
  artifactKey: Guid(ee22fe78a9379184c92111d6139283c7) Importer(815301076,1909f56bfc062723c751e8b465ee728b)
Start importing Assets/Prefabs/Goblin.prefab using Guid(ee22fe78a9379184c92111d6139283c7) Importer(815301076,1909f56bfc062723c751e8b465ee728b)  -> (artifact id: '684ccba5e1e515560c6abe06d0e4b20c') in 0.010302 seconds
  Import took 0.012702 seconds .

========================================================================
Received Import Request.
  Time since last request: 1.620433 seconds.
  path: Assets/Prefabs/Ork.prefab
  artifactKey: Guid(67dde86f378d9764fb77b851242bcd06) Importer(815301076,1909f56bfc062723c751e8b465ee728b)
Start importing Assets/Prefabs/Ork.prefab using Guid(67dde86f378d9764fb77b851242bcd06) Importer(815301076,1909f56bfc062723c751e8b465ee728b)  -> (artifact id: '7a0d5386f766ad4c7b7cbdc98924d3fc') in 0.010686 seconds
  Import took 0.013408 seconds .

========================================================================
Received Import Request.
  Time since last request: 0.018090 seconds.
  path: Assets/Prefabs/Ork.prefab
  artifactKey: Guid(67dde86f378d9764fb77b851242bcd06) Importer(815301076,1909f56bfc062723c751e8b465ee728b)
Start importing Assets/Prefabs/Ork.prefab using Guid(67dde86f378d9764fb77b851242bcd06) Importer(815301076,1909f56bfc062723c751e8b465ee728b)  -> (artifact id: '7a0d5386f766ad4c7b7cbdc98924d3fc') in 0.024428 seconds
  Import took 0.026815 seconds .

========================================================================
Received Import Request.
  Time since last request: 1.724020 seconds.
  path: Assets/Prefabs/Troll.prefab
  artifactKey: Guid(429518f11c83181429430f9ba290d46e) Importer(815301076,1909f56bfc062723c751e8b465ee728b)
Start importing Assets/Prefabs/Troll.prefab using Guid(429518f11c83181429430f9ba290d46e) Importer(815301076,1909f56bfc062723c751e8b465ee728b)  -> (artifact id: 'd450def6b5931b807a5639a6f6fae152') in 0.010883 seconds
  Import took 0.013309 seconds .

========================================================================
Received Import Request.
  Time since last request: 0.019682 seconds.
  path: Assets/Prefabs/Troll.prefab
  artifactKey: Guid(429518f11c83181429430f9ba290d46e) Importer(815301076,1909f56bfc062723c751e8b465ee728b)
Start importing Assets/Prefabs/Troll.prefab using Guid(429518f11c83181429430f9ba290d46e) Importer(815301076,1909f56bfc062723c751e8b465ee728b)  -> (artifact id: 'd450def6b5931b807a5639a6f6fae152') in 0.026594 seconds
  Import took 0.029434 seconds .

========================================================================
Received Prepare
Registering precompiled user dll's ...
Registered in 0.003824 seconds.
Begin MonoManager ReloadAssembly
Native extension for WindowsStandalone target not found
Refreshing native plugins compatible for Editor in 0.28 ms, found 2 plugins.
Preloading 0 native plugins for Editor in 0.00 ms.
Mono: successfully reloaded assembly
- Completed reload, in  1.087 seconds
Platform modules already initialized, skipping
Switching build target platform(19) subTarget(0) extendedPlatform(0) -> platform(13) subTarget(537395200) extendedPlatform(0)
Refreshing native plugins compatible for Editor in 0.27 ms, found 2 plugins.
Preloading 0 native plugins for Editor in 0.00 ms.
Unloading 1403 Unused Serialized files (Serialized files now loaded: 0)
System memory in use before: 70.1 MB.
System memory in use after: 69.5 MB.

Unloading 27 unused Assets to reduce memory usage. Loaded Objects now: 1905.
Total: 2.100700 ms (FindLiveObjects: 0.130800 ms CreateObjectMapping: 0.040900 ms MarkObjects: 1.594000 ms  DeleteObjects: 0.334000 ms)

AssetImportParameters requested are different than current active one (requested -> active):
  custom:graphics/normal-map-encoding: 01000000000000000000000000000000 -> 02000000000000000000000000000000
========================================================================
Received Prepare
Registering precompiled user dll's ...
Registered in 0.003801 seconds.
Begin MonoManager ReloadAssembly
Native extension for WindowsStandalone target not found
Refreshing native plugins compatible for Editor in 0.29 ms, found 2 plugins.
Preloading 0 native plugins for Editor in 0.00 ms.
Mono: successfully reloaded assembly
- Completed reload, in  1.116 seconds
Platform modules already initialized, skipping
Switching build target platform(19) subTarget(0) extendedPlatform(0) -> platform(13) subTarget(537395200) extendedPlatform(0)
Refreshing native plugins compatible for Editor in 0.27 ms, found 2 plugins.
Preloading 0 native plugins for Editor in 0.00 ms.
Unloading 1403 Unused Serialized files (Serialized files now loaded: 0)
System memory in use before: 70.1 MB.
System memory in use after: 69.5 MB.

Unloading 27 unused Assets to reduce memory usage. Loaded Objects now: 1908.
Total: 2.173200 ms (FindLiveObjects: 0.148600 ms CreateObjectMapping: 0.036800 ms MarkObjects: 1.683300 ms  DeleteObjects: 0.303500 ms)

AssetImportParameters requested are different than current active one (requested -> active):
  custom:graphics/normal-map-encoding: 01000000000000000000000000000000 -> 02000000000000000000000000000000
========================================================================
Received Prepare
Registering precompiled user dll's ...
Registered in 0.005302 seconds.
Begin MonoManager ReloadAssembly
Native extension for WindowsStandalone target not found
Refreshing native plugins compatible for Editor in 0.28 ms, found 2 plugins.
Preloading 0 native plugins for Editor in 0.00 ms.
Mono: successfully reloaded assembly
- Completed reload, in  1.117 seconds
Platform modules already initialized, skipping
Switching build target platform(19) subTarget(0) extendedPlatform(0) -> platform(13) subTarget(537395200) extendedPlatform(0)
Refreshing native plugins compatible for Editor in 0.27 ms, found 2 plugins.
Preloading 0 native plugins for Editor in 0.00 ms.
Unloading 1403 Unused Serialized files (Serialized files now loaded: 0)
System memory in use before: 70.1 MB.
System memory in use after: 69.5 MB.

Unloading 27 unused Assets to reduce memory usage. Loaded Objects now: 1911.
Total: 2.054900 ms (FindLiveObjects: 0.127200 ms CreateObjectMapping: 0.036100 ms MarkObjects: 1.584400 ms  DeleteObjects: 0.305900 ms)

AssetImportParameters requested are different than current active one (requested -> active):
  custom:graphics/normal-map-encoding: 01000000000000000000000000000000 -> 02000000000000000000000000000000
========================================================================
Received Import Request.
  Time since last request: 773.437180 seconds.
  path: Assets/Scripts/FreezButtonScript.cs
  artifactKey: Guid(93fad6f4991db5040a36511c886565be) Importer(815301076,1909f56bfc062723c751e8b465ee728b)
Start importing Assets/Scripts/FreezButtonScript.cs using Guid(93fad6f4991db5040a36511c886565be) Importer(815301076,1909f56bfc062723c751e8b465ee728b)  -> (artifact id: 'a0dc67d96b735d504af8b10e49cf43d3') in 0.012889 seconds
  Import took 0.015479 seconds .

========================================================================
Received Prepare
Registering precompiled user dll's ...
Registered in 0.003901 seconds.
Begin MonoManager ReloadAssembly
Native extension for WindowsStandalone target not found
Refreshing native plugins compatible for Editor in 0.28 ms, found 2 plugins.
Preloading 0 native plugins for Editor in 0.00 ms.
Mono: successfully reloaded assembly
- Completed reload, in  1.147 seconds
Platform modules already initialized, skipping
Switching build target platform(19) subTarget(0) extendedPlatform(0) -> platform(13) subTarget(537395200) extendedPlatform(0)
Refreshing native plugins compatible for Editor in 0.27 ms, found 2 plugins.
Preloading 0 native plugins for Editor in 0.00 ms.
Unloading 1404 Unused Serialized files (Serialized files now loaded: 0)
System memory in use before: 70.1 MB.
System memory in use after: 69.5 MB.

Unloading 27 unused Assets to reduce memory usage. Loaded Objects now: 1915.
Total: 2.153400 ms (FindLiveObjects: 0.139500 ms CreateObjectMapping: 0.043700 ms MarkObjects: 1.665400 ms  DeleteObjects: 0.304100 ms)

AssetImportParameters requested are different than current active one (requested -> active):
  custom:graphics/normal-map-encoding: 01000000000000000000000000000000 -> 02000000000000000000000000000000
========================================================================
Received Import Request.
  Time since last request: 14.872606 seconds.
  path: Assets/Scripts/KillAllButtonScript.cs
  artifactKey: Guid(6c7c89a265c28914fba7c39075dfcc6f) Importer(815301076,1909f56bfc062723c751e8b465ee728b)
Start importing Assets/Scripts/KillAllButtonScript.cs using Guid(6c7c89a265c28914fba7c39075dfcc6f) Importer(815301076,1909f56bfc062723c751e8b465ee728b)  -> (artifact id: 'b7919ca97c882127dfc104994750b805') in 0.014558 seconds
  Import took 0.018726 seconds .

========================================================================
Received Prepare
Registering precompiled user dll's ...
Registered in 0.003951 seconds.
Begin MonoManager ReloadAssembly
Native extension for WindowsStandalone target not found
Refreshing native plugins compatible for Editor in 0.28 ms, found 2 plugins.
Preloading 0 native plugins for Editor in 0.00 ms.
Mono: successfully reloaded assembly
- Completed reload, in  1.192 seconds
Platform modules already initialized, skipping
Switching build target platform(19) subTarget(0) extendedPlatform(0) -> platform(13) subTarget(537395200) extendedPlatform(0)
Refreshing native plugins compatible for Editor in 0.29 ms, found 2 plugins.
Preloading 0 native plugins for Editor in 0.00 ms.
Unloading 1405 Unused Serialized files (Serialized files now loaded: 0)
System memory in use before: 70.2 MB.
System memory in use after: 69.6 MB.

Unloading 27 unused Assets to reduce memory usage. Loaded Objects now: 1919.
Total: 3.094900 ms (FindLiveObjects: 0.157000 ms CreateObjectMapping: 0.042200 ms MarkObjects: 2.476700 ms  DeleteObjects: 0.418000 ms)

AssetImportParameters requested are different than current active one (requested -> active):
  custom:graphics/normal-map-encoding: 01000000000000000000000000000000 -> 02000000000000000000000000000000
========================================================================
Received Prepare
Registering precompiled user dll's ...
Registered in 0.004880 seconds.
Begin MonoManager ReloadAssembly
Native extension for WindowsStandalone target not found
Refreshing native plugins compatible for Editor in 0.28 ms, found 2 plugins.
Preloading 0 native plugins for Editor in 0.00 ms.
Mono: successfully reloaded assembly
- Completed reload, in  1.123 seconds
Platform modules already initialized, skipping
Switching build target platform(19) subTarget(0) extendedPlatform(0) -> platform(13) subTarget(537395200) extendedPlatform(0)
Refreshing native plugins compatible for Editor in 0.28 ms, found 2 plugins.
Preloading 0 native plugins for Editor in 0.00 ms.
Unloading 1405 Unused Serialized files (Serialized files now loaded: 0)
System memory in use before: 70.2 MB.
System memory in use after: 69.6 MB.

Unloading 27 unused Assets to reduce memory usage. Loaded Objects now: 1922.
Total: 2.336400 ms (FindLiveObjects: 0.149800 ms CreateObjectMapping: 0.043200 ms MarkObjects: 1.804800 ms  DeleteObjects: 0.337700 ms)

AssetImportParameters requested are different than current active one (requested -> active):
  custom:graphics/normal-map-encoding: 01000000000000000000000000000000 -> 02000000000000000000000000000000
========================================================================
Received Import Request.
  Time since last request: 67.734474 seconds.
  path: Assets/Scripts/KillAllButtonScript.cs
  artifactKey: Guid(6c7c89a265c28914fba7c39075dfcc6f) Importer(815301076,1909f56bfc062723c751e8b465ee728b)
Start importing Assets/Scripts/KillAllButtonScript.cs using Guid(6c7c89a265c28914fba7c39075dfcc6f) Importer(815301076,1909f56bfc062723c751e8b465ee728b)  -> (artifact id: '8b55bbcc4d930d168e7d46636ba8d968') in 0.004187 seconds
  Import took 0.006961 seconds .

========================================================================
Received Import Request.
  Time since last request: 5.323093 seconds.
  path: Assets/Scripts/ButtonBonusScript.cs
  artifactKey: Guid(6c7c89a265c28914fba7c39075dfcc6f) Importer(815301076,1909f56bfc062723c751e8b465ee728b)
Start importing Assets/Scripts/ButtonBonusScript.cs using Guid(6c7c89a265c28914fba7c39075dfcc6f) Importer(815301076,1909f56bfc062723c751e8b465ee728b)  -> (artifact id: '8e24e0cffee6e04c4a153afdad453ec3') in 0.008837 seconds
  Import took 0.011329 seconds .

========================================================================
Received Prepare
Registering precompiled user dll's ...
Registered in 0.004583 seconds.
Begin MonoManager ReloadAssembly
Native extension for WindowsStandalone target not found
Refreshing native plugins compatible for Editor in 0.28 ms, found 2 plugins.
Preloading 0 native plugins for Editor in 0.00 ms.
Mono: successfully reloaded assembly
- Completed reload, in  1.166 seconds
Platform modules already initialized, skipping
Switching build target platform(19) subTarget(0) extendedPlatform(0) -> platform(13) subTarget(537395200) extendedPlatform(0)
Refreshing native plugins compatible for Editor in 0.27 ms, found 2 plugins.
Preloading 0 native plugins for Editor in 0.00 ms.
Unloading 1405 Unused Serialized files (Serialized files now loaded: 0)
System memory in use before: 70.2 MB.
System memory in use after: 69.6 MB.

Unloading 27 unused Assets to reduce memory usage. Loaded Objects now: 1925.
Total: 2.851700 ms (FindLiveObjects: 0.147300 ms CreateObjectMapping: 0.036800 ms MarkObjects: 2.321800 ms  DeleteObjects: 0.344500 ms)

AssetImportParameters requested are different than current active one (requested -> active):
  custom:graphics/normal-map-encoding: 01000000000000000000000000000000 -> 02000000000000000000000000000000
========================================================================
Received Import Request.
  Time since last request: 4.207337 seconds.
  path: Assets/Scripts/FreezButtonScript.cs
  artifactKey: Guid(93fad6f4991db5040a36511c886565be) Importer(815301076,1909f56bfc062723c751e8b465ee728b)
Start importing Assets/Scripts/FreezButtonScript.cs using Guid(93fad6f4991db5040a36511c886565be) Importer(815301076,1909f56bfc062723c751e8b465ee728b)  -> (artifact id: 'd461be54f2c79d8205899b76ff05bd8f') in 0.004625 seconds
  Import took 0.006768 seconds .

========================================================================
Received Prepare
Registering precompiled user dll's ...
Registered in 0.004063 seconds.
Begin MonoManager ReloadAssembly
Native extension for WindowsStandalone target not found
Refreshing native plugins compatible for Editor in 0.29 ms, found 2 plugins.
Preloading 0 native plugins for Editor in 0.00 ms.
Mono: successfully reloaded assembly
- Completed reload, in  1.158 seconds
Platform modules already initialized, skipping
Switching build target platform(19) subTarget(0) extendedPlatform(0) -> platform(13) subTarget(537395200) extendedPlatform(0)
Refreshing native plugins compatible for Editor in 0.28 ms, found 2 plugins.
Preloading 0 native plugins for Editor in 0.00 ms.
Unloading 1404 Unused Serialized files (Serialized files now loaded: 0)
System memory in use before: 70.1 MB.
System memory in use after: 69.6 MB.

Unloading 28 unused Assets to reduce memory usage. Loaded Objects now: 1927.
Total: 2.312600 ms (FindLiveObjects: 0.130900 ms CreateObjectMapping: 0.036900 ms MarkObjects: 1.825100 ms  DeleteObjects: 0.319000 ms)

AssetImportParameters requested are different than current active one (requested -> active):
  custom:graphics/normal-map-encoding: 01000000000000000000000000000000 -> 02000000000000000000000000000000
========================================================================
Received Prepare
Registering precompiled user dll's ...
Registered in 0.005919 seconds.
Begin MonoManager ReloadAssembly
Native extension for WindowsStandalone target not found
Refreshing native plugins compatible for Editor in 0.28 ms, found 2 plugins.
Preloading 0 native plugins for Editor in 0.00 ms.
Mono: successfully reloaded assembly
- Completed reload, in  1.177 seconds
Platform modules already initialized, skipping
Switching build target platform(19) subTarget(0) extendedPlatform(0) -> platform(13) subTarget(537395200) extendedPlatform(0)
Refreshing native plugins compatible for Editor in 0.28 ms, found 2 plugins.
Preloading 0 native plugins for Editor in 0.00 ms.
Unloading 1404 Unused Serialized files (Serialized files now loaded: 0)
System memory in use before: 70.1 MB.
System memory in use after: 69.6 MB.

Unloading 27 unused Assets to reduce memory usage. Loaded Objects now: 1930.
Total: 2.200600 ms (FindLiveObjects: 0.153500 ms CreateObjectMapping: 0.040600 ms MarkObjects: 1.692200 ms  DeleteObjects: 0.313400 ms)

AssetImportParameters requested are different than current active one (requested -> active):
  custom:graphics/normal-map-encoding: 01000000000000000000000000000000 -> 02000000000000000000000000000000
========================================================================
Received Import Request.
  Time since last request: 364.319517 seconds.
  path: Assets/Scripts/ButtonBonusScript.cs
  artifactKey: Guid(6c7c89a265c28914fba7c39075dfcc6f) Importer(815301076,1909f56bfc062723c751e8b465ee728b)
Start importing Assets/Scripts/ButtonBonusScript.cs using Guid(6c7c89a265c28914fba7c39075dfcc6f) Importer(815301076,1909f56bfc062723c751e8b465ee728b)  -> (artifact id: '5468b7382cd734fa74c7958b803d6838') in 0.004432 seconds
  Import took 0.007102 seconds .

========================================================================
Received Prepare
Registering precompiled user dll's ...
Registered in 0.004272 seconds.
Begin MonoManager ReloadAssembly
Native extension for WindowsStandalone target not found
Refreshing native plugins compatible for Editor in 0.32 ms, found 2 plugins.
Preloading 0 native plugins for Editor in 0.00 ms.
Mono: successfully reloaded assembly
- Completed reload, in  1.453 seconds
Platform modules already initialized, skipping
Switching build target platform(19) subTarget(0) extendedPlatform(0) -> platform(13) subTarget(537395200) extendedPlatform(0)
Refreshing native plugins compatible for Editor in 0.35 ms, found 2 plugins.
Preloading 0 native plugins for Editor in 0.00 ms.
Unloading 1404 Unused Serialized files (Serialized files now loaded: 0)
System memory in use before: 70.2 MB.
System memory in use after: 69.6 MB.

Unloading 27 unused Assets to reduce memory usage. Loaded Objects now: 1933.
Total: 2.342800 ms (FindLiveObjects: 0.158300 ms CreateObjectMapping: 0.046200 ms MarkObjects: 1.599200 ms  DeleteObjects: 0.538200 ms)

AssetImportParameters requested are different than current active one (requested -> active):
  custom:graphics/normal-map-encoding: 01000000000000000000000000000000 -> 02000000000000000000000000000000
========================================================================
Received Import Request.
  Time since last request: 13932.958487 seconds.
  path: Assets/Scripts/ButtonBonusScript.cs
  artifactKey: Guid(6c7c89a265c28914fba7c39075dfcc6f) Importer(815301076,1909f56bfc062723c751e8b465ee728b)
Start importing Assets/Scripts/ButtonBonusScript.cs using Guid(6c7c89a265c28914fba7c39075dfcc6f) Importer(815301076,1909f56bfc062723c751e8b465ee728b)  -> (artifact id: '5091b472feffee412612ffef7ad56e05') in 0.007194 seconds
  Import took 0.010704 seconds .

AssetImportWorkerClient::OnTransportError - code=2 error=End of file
